<?xml version="1.0" encoding="UTF-8"?>
<testsuite xmlns:xsi="http://www.w3.org/2001/XMLSchema-instance" xsi:noNamespaceSchemaLocation="https://maven.apache.org/surefire/maven-surefire-plugin/xsd/surefire-test-report.xsd" version="3.0.2" name="com.Encora.capstone.CapstoneApplicationTests" time="4.976" tests="1" errors="0" skipped="0" failures="0">
  <properties>
[...]
</properties>
  <testcase name="contextLoads" classname="com.Encora.capstone.CapstoneApplicationTests" time="1.149">
    <system-out><![CDATA[17:31:31.102 [main] INFO org.springframework.test.context.support.AnnotationConfigContextLoaderUtils -- Could not detect default configuration classes for test class [com.Encora.capstone.CapstoneApplicationTests]: CapstoneApplicationTests does not declare any static, non-private, non-final, nested classes annotated with @Configuration.
17:31:31.247 [main] INFO org.springframework.boot.test.context.SpringBootTestContextBootstrapper -- Found @SpringBootConfiguration com.Encora.capstone.CapstoneApplication for test class com.Encora.capstone.CapstoneApplicationTests

  .   ____          _            __ _ _
 /\\ / ___'_ __ _ _(_)_ __  __ _ \ \ \ \
( ( )\___ | '_ | '_| | '_ \/ _` | \ \ \ \
 \\/  ___)| |_)| | | | | || (_| |  ) ) ) )
  '  |____| .__|_| |_|_| |_\__, | / / / /
 =========|_|==============|___/=/_/_/_/

 :: Spring Boot ::                (v4.0.0)

2025-11-26T17:31:31.736+05:30  INFO 11048 --- [capstone] [           main] c.E.capstone.CapstoneApplicationTests    : Starting CapstoneApplicationTests using Java 21.0.7 with PID 11048 (started by Kiran.Ganachari in C:\Users\Kiran.Ganachari\Documents\workspace-spring-tools-for-eclipse-4.31.0.RELEASE\capstone)
2025-11-26T17:31:31.738+05:30  INFO 11048 --- [capstone] [           main] c.E.capstone.CapstoneApplicationTests    : No active profile set, falling back to 1 default profile: "default"
2025-11-26T17:31:34.564+05:30  INFO 11048 --- [capstone] [           main] c.E.capstone.CapstoneApplicationTests    : Started CapstoneApplicationTests in 3.142 seconds (process running for 5.408)
]]></system-out>
    <system-err><![CDATA[Mockito is currently self-attaching to enable the inline-mock-maker. This will no longer work in future releases of the JDK. Please add Mockito as an agent to your build as described in Mockito's documentation: https://javadoc.io/doc/org.mockito/mockito-core/latest/org.mockito/org/mockito/Mockito.html#0.3
WARNING: A Java agent has been loaded dynamically (C:\Users\Kiran.Ganachari\.m2\repository\net\bytebuddy\byte-buddy-agent\1.17.8\byte-buddy-agent-1.17.8.jar)
WARNING: If a serviceability tool is in use, please run with -XX:+EnableDynamicAgentLoading to hide this warning
WARNING: If a serviceability tool is not in use, please run with -Djdk.instrument.traceUsage for more information
WARNING: Dynamic loading of agents will be disallowed by default in a future release
]]></system-err>
  </testcase>
</testsuite>